# JRE version: OpenJDK Runtime Environment (8.0_152-b01) (build 1.8.0_152-release-915-b01)
# Java VM: OpenJDK 64-Bit Server VM (25.152-b01 mixed mode windows-amd64 compressed oops)
Heap:
 PSYoungGen      total 249344K, used 114078K [0x00000000e0000000, 0x00000000f3f00000, 0x0000000100000000)
  eden space 226304K, 48% used [0x00000000e0000000,0x00000000e6bf8098,0x00000000edd00000)
  from space 23040K, 15% used [0x00000000edd00000,0x00000000ee06f838,0x00000000ef380000)
  to   space 22528K, 0% used [0x00000000f2900000,0x00000000f2900000,0x00000000f3f00000)
 ParOldGen       total 117248K, used 62829K [0x00000000a0000000, 0x00000000a7280000, 0x00000000e0000000)
  object space 117248K, 53% used [0x00000000a0000000,0x00000000a3d5b480,0x00000000a7280000)
 Metaspace       used 72264K, capacity 75000K, committed 75096K, reserved 1114112K
  class space    used 9175K, capacity 9784K, committed 9856K, reserved 1048576K
GC Heap History (10 events):
Event: 78.087 GC heap before
{Heap before GC invocations=31 (full 4):
 PSYoungGen      total 164352K, used 158273K [0x00000000e0000000, 0x00000000eba00000, 0x0000000100000000)
  eden space 141824K, 99% used [0x00000000e0000000,0x00000000e8a184f8,0x00000000e8a80000)
  from space 22528K, 74% used [0x00000000ea200000,0x00000000eb278218,0x00000000eb800000)
  to   space 24064K, 0% used [0x00000000e8a80000,0x00000000e8a80000,0x00000000ea200000)
 ParOldGen       total 117248K, used 47686K [0x00000000a0000000, 0x00000000a7280000, 0x00000000e0000000)
  object space 117248K, 40% used [0x00000000a0000000,0x00000000a2e91a80,0x00000000a7280000)
 Metaspace       used 66402K, capacity 68432K, committed 68568K, reserved 1107968K
  class space    used 8638K, capacity 9123K, committed 9216K, reserved 1048576K
Event: 78.093 GC heap after
Heap after GC invocations=31 (full 4):
 PSYoungGen      total 165888K, used 96K [0x00000000e0000000, 0x00000000edf80000, 0x0000000100000000)
  eden space 141824K, 0% used [0x00000000e0000000,0x00000000e0000000,0x00000000e8a80000)
  from space 24064K, 0% used [0x00000000e8a80000,0x00000000e8a98000,0x00000000ea200000)
  to   space 24576K, 0% used [0x00000000ec780000,0x00000000ec780000,0x00000000edf80000)
 ParOldGen       total 117248K, used 57001K [0x00000000a0000000, 0x00000000a7280000, 0x00000000e0000000)
  object space 117248K, 48% used [0x00000000a0000000,0x00000000a37aa7c0,0x00000000a7280000)
 Metaspace       used 66402K, capacity 68432K, committed 68568K, reserved 1107968K
  class space    used 8638K, capacity 9123K, committed 9216K, reserved 1048576K
}
Event: 78.117 GC heap before
{Heap before GC invocations=32 (full 4):
 PSYoungGen      total 165888K, used 140981K [0x00000000e0000000, 0x00000000edf80000, 0x0000000100000000)
  eden space 141824K, 99% used [0x00000000e0000000,0x00000000e89954f0,0x00000000e8a80000)
  from space 24064K, 0% used [0x00000000e8a80000,0x00000000e8a98000,0x00000000ea200000)
  to   space 24576K, 0% used [0x00000000ec780000,0x00000000ec780000,0x00000000edf80000)
 ParOldGen       total 117248K, used 57001K [0x00000000a0000000, 0x00000000a7280000, 0x00000000e0000000)
  object space 117248K, 48% used [0x00000000a0000000,0x00000000a37aa7c0,0x00000000a7280000)
 Metaspace       used 66404K, capacity 68432K, committed 68568K, reserved 1107968K
  class space    used 8638K, capacity 9123K, committed 9216K, reserved 1048576K
Event: 78.119 GC heap after
Heap after GC invocations=32 (full 4):
 PSYoungGen      total 204288K, used 128K [0x00000000e0000000, 0x00000000ee000000, 0x0000000100000000)
  eden space 179712K, 0% used [0x00000000e0000000,0x00000000e0000000,0x00000000eaf80000)
  from space 24576K, 0% used [0x00000000ec780000,0x00000000ec7a0000,0x00000000edf80000)
  to   space 24576K, 0% used [0x00000000eaf80000,0x00000000eaf80000,0x00000000ec780000)
 ParOldGen       total 117248K, used 57017K [0x00000000a0000000, 0x00000000a7280000, 0x00000000e0000000)
  object space 117248K, 48% used [0x00000000a0000000,0x00000000a37ae7c0,0x00000000a7280000)
 Metaspace       used 66404K, capacity 68432K, committed 68568K, reserved 1107968K
  class space    used 8638K, capacity 9123K, committed 9216K, reserved 1048576K
}
Event: 78.152 GC heap before
{Heap before GC invocations=33 (full 4):
 PSYoungGen      total 204288K, used 178866K [0x00000000e0000000, 0x00000000ee000000, 0x0000000100000000)
  eden space 179712K, 99% used [0x00000000e0000000,0x00000000eae8caa0,0x00000000eaf80000)
  from space 24576K, 0% used [0x00000000ec780000,0x00000000ec7a0000,0x00000000edf80000)
  to   space 24576K, 0% used [0x00000000eaf80000,0x00000000eaf80000,0x00000000ec780000)
 ParOldGen       total 117248K, used 57017K [0x00000000a0000000, 0x00000000a7280000, 0x00000000e0000000)
  object space 117248K, 48% used [0x00000000a0000000,0x00000000a37ae7c0,0x00000000a7280000)
 Metaspace       used 66412K, capacity 68496K, committed 68824K, reserved 1110016K
  class space    used 8638K, capacity 9123K, committed 9216K, reserved 1048576K
Event: 78.155 GC heap after
Heap after GC invocations=33 (full 4):
 PSYoungGen      total 204288K, used 96K [0x00000000e0000000, 0x00000000f0e80000, 0x0000000100000000)
  eden space 179712K, 0% used [0x00000000e0000000,0x00000000e0000000,0x00000000eaf80000)
  from space 24576K, 0% used [0x00000000eaf80000,0x00000000eaf98000,0x00000000ec780000)
  to   space 24576K, 0% used [0x00000000ef680000,0x00000000ef680000,0x00000000f0e80000)
 ParOldGen       total 117248K, used 57033K [0x00000000a0000000, 0x00000000a7280000, 0x00000000e0000000)
  object space 117248K, 48% used [0x00000000a0000000,0x00000000a37b27c0,0x00000000a7280000)
 Metaspace       used 66412K, capacity 68496K, committed 68824K, reserved 1110016K
  class space    used 8638K, capacity 9123K, committed 9216K, reserved 1048576K
}
Event: 260.697 GC heap before
{Heap before GC invocations=34 (full 4):
 PSYoungGen      total 204288K, used 179808K [0x00000000e0000000, 0x00000000f0e80000, 0x0000000100000000)
  eden space 179712K, 100% used [0x00000000e0000000,0x00000000eaf80000,0x00000000eaf80000)
  from space 24576K, 0% used [0x00000000eaf80000,0x00000000eaf98000,0x00000000ec780000)
  to   space 24576K, 0% used [0x00000000ef680000,0x00000000ef680000,0x00000000f0e80000)
 ParOldGen       total 117248K, used 57033K [0x00000000a0000000, 0x00000000a7280000, 0x00000000e0000000)
  object space 117248K, 48% used [0x00000000a0000000,0x00000000a37b27c0,0x00000000a7280000)
 Metaspace       used 70827K, capacity 73346K, committed 73688K, reserved 1114112K
  class space    used 9057K, capacity 9636K, committed 9728K, reserved 1048576K
Event: 260.717 GC heap after
Heap after GC invocations=34 (full 4):
 PSYoungGen      total 246272K, used 8602K [0x00000000e0000000, 0x00000000f0a00000, 0x0000000100000000)
  eden space 226304K, 0% used [0x00000000e0000000,0x00000000e0000000,0x00000000edd00000)
  from space 19968K, 43% used [0x00000000ef680000,0x00000000efee6b58,0x00000000f0a00000)
  to   space 23040K, 0% used [0x00000000edd00000,0x00000000edd00000,0x00000000ef380000)
 ParOldGen       total 117248K, used 57057K [0x00000000a0000000, 0x00000000a7280000, 0x00000000e0000000)
  object space 117248K, 48% used [0x00000000a0000000,0x00000000a37b87c0,0x00000000a7280000)
 Metaspace       used 70827K, capacity 73346K, committed 73688K, reserved 1114112K
  class space    used 9057K, capacity 9636K, committed 9728K, reserved 1048576K
}
Event: 268.087 GC heap before
{Heap before GC invocations=35 (full 4):
 PSYoungGen      total 246272K, used 234906K [0x00000000e0000000, 0x00000000f0a00000, 0x0000000100000000)
  eden space 226304K, 100% used [0x00000000e0000000,0x00000000edd00000,0x00000000edd00000)
  from space 19968K, 43% used [0x00000000ef680000,0x00000000efee6b58,0x00000000f0a00000)
  to   space 23040K, 0% used [0x00000000edd00000,0x00000000edd00000,0x00000000ef380000)
 ParOldGen       total 117248K, used 57057K [0x00000000a0000000, 0x00000000a7280000, 0x00000000e0000000)
  object space 117248K, 48% used [0x00000000a0000000,0x00000000a37b87c0,0x00000000a7280000)
 Metaspace       used 71750K, capacity 74426K, committed 74584K, reserved 1114112K
  class space    used 9158K, capacity 9748K, committed 9856K, reserved 1048576K
Event: 268.100 GC heap after
Heap after GC invocations=35 (full 4):
 PSYoungGen      total 249344K, used 3518K [0x00000000e0000000, 0x00000000f3f00000, 0x0000000100000000)
  eden space 226304K, 0% used [0x00000000e0000000,0x00000000e0000000,0x00000000edd00000)
  from space 23040K, 15% used [0x00000000edd00000,0x00000000ee06f838,0x00000000ef380000)
  to   space 22528K, 0% used [0x00000000f2900000,0x00000000f2900000,0x00000000f3f00000)
 ParOldGen       total 117248K, used 62829K [0x00000000a0000000, 0x00000000a7280000, 0x00000000e0000000)
  object space 117248K, 53% used [0x00000000a0000000,0x00000000a3d5b480,0x00000000a7280000)
 Metaspace       used 71750K, capacity 74426K, committed 74584K, reserved 1114112K
  class space    used 9158K, capacity 9748K, committed 9856K, reserved 1048576K
}

